d:\ajones45\documents\github\monopolyass\monopolyass\x64\debug\vc141.pdb
d:\ajones45\documents\github\monopolyass\monopolyass\x64\debug\vc141.idb
d:\ajones45\documents\github\monopolyass\monopolyass\x64\debug\main.obj
d:\ajones45\documents\github\monopolyass\monopolyass\x64\debug\random.obj
d:\ajones45\documents\github\monopolyass\monopolyass\x64\debug\randomnum.obj
d:\ajones45\documents\github\monopolyass\monopolyass\x64\debug\classes.obj
d:\ajones45\documents\github\monopolyass\monopolyass\x64\debug\loadfile.obj
d:\ajones45\documents\github\monopolyass\x64\debug\monopolyass.ilk
d:\ajones45\documents\github\monopolyass\x64\debug\monopolyass.exe
d:\ajones45\documents\github\monopolyass\x64\debug\monopolyass.pdb
c:\users\aiden\documents\github\monopolyass\monopolyass\x64\debug\classes.obj
c:\users\aiden\documents\github\monopolyass\monopolyass\x64\debug\loadfile.obj
c:\users\aiden\documents\github\monopolyass\monopolyass\x64\debug\main.obj
c:\users\aiden\documents\github\monopolyass\monopolyass\x64\debug\random.obj
c:\users\aiden\documents\github\monopolyass\monopolyass\x64\debug\randomnum.obj
c:\users\aiden\documents\github\monopolyass\monopolyass\x64\debug\main.obj.enc
c:\users\aiden\documents\github\monopolyass\monopolyass\x64\debug\vc141.idb
c:\users\aiden\documents\github\monopolyass\monopolyass\x64\debug\vc141.pdb
c:\users\aiden\documents\github\monopolyass\x64\debug\monopolyass.pdb
c:\users\aiden\documents\github\monopolyass\x64\debug\monopolyass.exe
c:\users\aiden\documents\github\monopolyass\x64\debug\monopolyass.ilk
c:\users\aiden\documents\github\monopolyass\monopolyass\x64\debug\monopolyass.tlog\cl.command.1.tlog
c:\users\aiden\documents\github\monopolyass\monopolyass\x64\debug\monopolyass.tlog\cl.read.1.tlog
c:\users\aiden\documents\github\monopolyass\monopolyass\x64\debug\monopolyass.tlog\cl.write.1.tlog
c:\users\aiden\documents\github\monopolyass\monopolyass\x64\debug\monopolyass.tlog\link.command.1.tlog
c:\users\aiden\documents\github\monopolyass\monopolyass\x64\debug\monopolyass.tlog\link.read.1.tlog
c:\users\aiden\documents\github\monopolyass\monopolyass\x64\debug\monopolyass.tlog\link.write.1.tlog
