  Classes.cpp
c:\users\aiden\documents\github\monopolyass\monopolyass\classes.h(9): warning C4309: 'initializing': truncation of constant value
c:\users\aiden\documents\github\monopolyass\monopolyass\classes.h(15): error C2065: 'CProperty': undeclared identifier
c:\users\aiden\documents\github\monopolyass\monopolyass\classes.h(15): error C2059: syntax error: '>'
c:\users\aiden\documents\github\monopolyass\monopolyass\classes.h(15): error C2976: 'std::vector': too few template arguments
  c:\program files (x86)\microsoft visual studio\2017\community\vc\tools\msvc\14.15.26726\include\vector(625): note: see declaration of 'std::vector'
c:\users\aiden\documents\github\monopolyass\monopolyass\classes.cpp(33): error C2663: 'std::vector<_Ty,_Alloc>::push_back': 2 overloads have no legal conversion for 'this' pointer
  LoadFile.cpp
c:\users\aiden\documents\github\monopolyass\monopolyass\classes.h(9): warning C4309: 'initializing': truncation of constant value
c:\users\aiden\documents\github\monopolyass\monopolyass\classes.h(15): error C2065: 'CProperty': undeclared identifier
c:\users\aiden\documents\github\monopolyass\monopolyass\classes.h(15): error C2059: syntax error: '>'
c:\users\aiden\documents\github\monopolyass\monopolyass\classes.h(15): error C2976: 'std::vector': too few template arguments
  c:\program files (x86)\microsoft visual studio\2017\community\vc\tools\msvc\14.15.26726\include\vector(625): note: see declaration of 'std::vector'
  Main.cpp
c:\users\aiden\documents\github\monopolyass\monopolyass\classes.h(9): warning C4309: 'initializing': truncation of constant value
c:\users\aiden\documents\github\monopolyass\monopolyass\classes.h(15): error C2065: 'CProperty': undeclared identifier
c:\users\aiden\documents\github\monopolyass\monopolyass\classes.h(15): error C2059: syntax error: '>'
c:\users\aiden\documents\github\monopolyass\monopolyass\classes.h(15): error C2976: 'std::vector': too few template arguments
  c:\program files (x86)\microsoft visual studio\2017\community\vc\tools\msvc\14.15.26726\include\vector(625): note: see declaration of 'std::vector'
  Generating Code...
